0 info it worked if it ends with ok
1 verbose cli [ 'C:\\Program Files\\nodejs\\\\node.exe',
1 verbose cli   'C:\\Program Files\\nodejs\\node_modules\\npm\\bin\\npm-cli.js',
1 verbose cli   'run',
1 verbose cli   'bower' ]
2 info using npm@1.4.28
3 info using node@v0.10.35
4 verbose node symlink C:\Program Files\nodejs\\node.exe
5 verbose run-script [ 'prebower', 'bower', 'postbower' ]
6 info prebower gps-app@1.0.0
7 info bower gps-app@1.0.0
8 verbose unsafe-perm in lifecycle true
9 info gps-app@1.0.0 Failed to exec bower script
10 error gps-app@1.0.0 bower: `./node_modules/bower/bin/bower install`
10 error Exit status 1
11 error Failed at the gps-app@1.0.0 bower script.
11 error This is most likely a problem with the gps-app package,
11 error not with npm itself.
11 error Tell the author that this fails on your system:
11 error     ./node_modules/bower/bin/bower install
11 error You can get their info via:
11 error     npm owner ls gps-app
11 error There is likely additional logging output above.
12 error System Windows_NT 6.1.7601
13 error command "C:\\Program Files\\nodejs\\\\node.exe" "C:\\Program Files\\nodejs\\node_modules\\npm\\bin\\npm-cli.js" "run" "bower"
14 error cwd E:\Fejlesztesek\Flotta\gps-app
15 error node -v v0.10.35
16 error npm -v 1.4.28
17 error code ELIFECYCLE
18 verbose exit [ 1, true ]
